
--------------------------------------------------
TXLib предупреждает:

Программа: D:\programming\Projects\Differenciator\Differenciator.exe,

ВНЕЗАПНО: Нарушение доступа к памяти.

#1: Исключение EXCEPTION_ACCESS_VIOLATION (0xC0000005) при выполнении кода по адресу 0x0040173C в функции Recursive_Node_Dump() в файле D:/programming/Projects/Differenciator/Tree.cpp на строке 145. Попытка прочесть данные по адресу 0x00000014. Спасибо _txVectoredExceptionHandler(), что сообщил. Люблю его <3

#1: TXLib [Ver: 00173a, Rev: 171, Date: 2022-07-23 02:08:28 +0400], Instance: 0x0043F73C (32-bit), Flags: Cmdre0, Thread: 0x8FE4 (Main). 

--------------------------------------------------
Стек вызовов:

# 0 0x0040173C in D:\programming\Projects\Differenciator\Differenciator.exe: Recursive_Node_Dump() at D:/programming/Projects/Differenciator/Tree.cpp (145):

    143:     DUMP("\"\n style = filled\n fillcolor = %s \n]\n", color);
    144: 
=>  145:     if (node->parent->left == node) edge_color = "firebrick4";
    146:     else edge_color = "darkgreen";
    147:     

# 1 0x004017A4 in D:\programming\Projects\Differenciator\Differenciator.exe: Recursive_Node_Dump() at D:/programming/Projects/Differenciator/Tree.cpp (150):

    148:     DUMP("cell_%d->cell_%d[color = %s]\n", node->parent->cell_num, node->cell_num, edge_color);
    149: 
=>  150:     if (node->left != NULL) Recursive_Node_Dump(node->left, dump_file);
    151:     if (node->right != NULL) Recursive_Node_Dump(node->right, dump_file);
    152: }

# 2 0x004017A4 in D:\programming\Projects\Differenciator\Differenciator.exe: Recursive_Node_Dump() at D:/programming/Projects/Differenciator/Tree.cpp (150):

    148:     DUMP("cell_%d->cell_%d[color = %s]\n", node->parent->cell_num, node->cell_num, edge_color);
    149: 
=>  150:     if (node->left != NULL) Recursive_Node_Dump(node->left, dump_file);
    151:     if (node->right != NULL) Recursive_Node_Dump(node->right, dump_file);
    152: }

# 3 0x00401962 in D:\programming\Projects\Differenciator\Differenciator.exe: Tree_Dump() at D:/programming/Projects/Differenciator/Tree.cpp (175):

    173:     
    174:     if (root_node->left != NULL) Recursive_Node_Dump(root_node->left, dump_file);
=>  175:     if (root_node->right != NULL) Recursive_Node_Dump(root_node->right, dump_file);
    176: 
    177:     DUMP("}");

# 4 0x0041DCF5 in D:\programming\Projects\Differenciator\Differenciator.exe: Differenciate_Tree() at D:/programming/Projects/Differenciator/Differenciator.cpp (428):

    426:     Tree proizvodnaya = {};
    427:     proizvodnaya.root = Differenciate_Node(tree->root);
=>  428:     Tree_Dump(proizvodnaya.root, "differentiate tree");
    429: }
    430: 

# 5 0x0041DE68 in D:\programming\Projects\Differenciator\Differenciator.exe: main() at D:/programming/Projects/Differenciator/Differenciator.cpp (478):

    476:     Tree tree = {};
    477:     Differenciator_TreeCtor(&tree);
=>  478:     Differenciate_Tree(&tree);
    479: }

--------------------------------------------------
Developed with:

The Dumb Artist Library (TX Library)
TXLib [Ver: 00173a, Rev: 171, Date: 2022-07-23 02:08:28 +0400]
Copyright (C) Ded (Ilya Dedinsky, http://txlib.ru) <mail@txlib.ru>
See license on: http://txlib.ru

TXLib file:	c:\mingw\lib\gcc\mingw32\6.3.0\include\txlib.h
Compiled:	Nov 26 2022 15:53:59, GNU g++ 6.3.0, std=201402L, MinGW Runtime 5.0, 32-bit, Debug
Started:	Nov 26 2022 15:54:11

Run file:	D:\programming\Projects\Differenciator\Differenciator.exe
Directory:	D:\programming\Projects\Differenciator

--------------------------------------------------

--------------------------------------------------
TXLib соболезнует...

Программа: D:\programming\Projects\Differenciator\Differenciator.exe,

ВНЕЗАПНО: signal (11, 0x00): SIGSEGV: Доступ по неверному указателю. Ставьте ассерты! 

Нарушение доступа к памяти.

#1: Исключение EXCEPTION_ACCESS_VIOLATION (0xC0000005) при выполнении кода по адресу 0x0040173C в функции Recursive_Node_Dump() в файле D:/programming/Projects/Differenciator/Tree.cpp на строке 145. Попытка прочесть данные по адресу 0x00000014. Спасибо _txVectoredExceptionHandler(), что сообщил. Люблю его <3

С помощью функции signal() вы можете сами обработать эту ошибку.

#2: TXLib [Ver: 00173a, Rev: 171, Date: 2022-07-23 02:08:28 +0400], Instance: 0x0043F73C (32-bit), Flags: Cmdre0, Thread: 0x8FE4 (Main). 

--------------------------------------------------
Стек вызовов:

# 0 0x0040173C in D:\programming\Projects\Differenciator\Differenciator.exe: Recursive_Node_Dump() at D:/programming/Projects/Differenciator/Tree.cpp (145):

    143:     DUMP("\"\n style = filled\n fillcolor = %s \n]\n", color);
    144: 
=>  145:     if (node->parent->left == node) edge_color = "firebrick4";
    146:     else edge_color = "darkgreen";
    147:     

# 1 0x004017A4 in D:\programming\Projects\Differenciator\Differenciator.exe: Recursive_Node_Dump() at D:/programming/Projects/Differenciator/Tree.cpp (150):

    148:     DUMP("cell_%d->cell_%d[color = %s]\n", node->parent->cell_num, node->cell_num, edge_color);
    149: 
=>  150:     if (node->left != NULL) Recursive_Node_Dump(node->left, dump_file);
    151:     if (node->right != NULL) Recursive_Node_Dump(node->right, dump_file);
    152: }

# 2 0x004017A4 in D:\programming\Projects\Differenciator\Differenciator.exe: Recursive_Node_Dump() at D:/programming/Projects/Differenciator/Tree.cpp (150):

    148:     DUMP("cell_%d->cell_%d[color = %s]\n", node->parent->cell_num, node->cell_num, edge_color);
    149: 
=>  150:     if (node->left != NULL) Recursive_Node_Dump(node->left, dump_file);
    151:     if (node->right != NULL) Recursive_Node_Dump(node->right, dump_file);
    152: }

# 3 0x00401962 in D:\programming\Projects\Differenciator\Differenciator.exe: Tree_Dump() at D:/programming/Projects/Differenciator/Tree.cpp (175):

    173:     
    174:     if (root_node->left != NULL) Recursive_Node_Dump(root_node->left, dump_file);
=>  175:     if (root_node->right != NULL) Recursive_Node_Dump(root_node->right, dump_file);
    176: 
    177:     DUMP("}");

# 4 0x0041DCF5 in D:\programming\Projects\Differenciator\Differenciator.exe: Differenciate_Tree() at D:/programming/Projects/Differenciator/Differenciator.cpp (428):

    426:     Tree proizvodnaya = {};
    427:     proizvodnaya.root = Differenciate_Node(tree->root);
=>  428:     Tree_Dump(proizvodnaya.root, "differentiate tree");
    429: }
    430: 

# 5 0x0041DE68 in D:\programming\Projects\Differenciator\Differenciator.exe: main() at D:/programming/Projects/Differenciator/Differenciator.cpp (478):

    476:     Tree tree = {};
    477:     Differenciator_TreeCtor(&tree);
=>  478:     Differenciate_Tree(&tree);
    479: }

--------------------------------------------------
Developed with:

The Dumb Artist Library (TX Library)
TXLib [Ver: 00173a, Rev: 171, Date: 2022-07-23 02:08:28 +0400]
Copyright (C) Ded (Ilya Dedinsky, http://txlib.ru) <mail@txlib.ru>
See license on: http://txlib.ru

TXLib file:	c:\mingw\lib\gcc\mingw32\6.3.0\include\txlib.h
Compiled:	Nov 26 2022 15:53:59, GNU g++ 6.3.0, std=201402L, MinGW Runtime 5.0, 32-bit, Debug
Started:	Nov 26 2022 15:54:11

Run file:	D:\programming\Projects\Differenciator\Differenciator.exe
Directory:	D:\programming\Projects\Differenciator

--------------------------------------------------

--------------------------------------------------
TXLib предупреждает:

Программа: D:\programming\Projects\Differenciator\Differenciator.exe,

ВНЕЗАПНО: Нарушение доступа к памяти.

#1: Исключение EXCEPTION_ACCESS_VIOLATION (0xC0000005) при выполнении кода по адресу 0x0040173C в функции Recursive_Node_Dump() в файле D:/programming/Projects/Differenciator/Tree.cpp на строке 145. Попытка прочесть данные по адресу 0x00000014. Спасибо _txVectoredExceptionHandler(), что сообщил. Люблю его <3

#1: TXLib [Ver: 00173a, Rev: 171, Date: 2022-07-23 02:08:28 +0400], Instance: 0x0043F73C (32-bit), Flags: Cmdre0, Thread: 0x783C (Main). 

--------------------------------------------------
Стек вызовов:

# 0 0x0040173C in D:\programming\Projects\Differenciator\Differenciator.exe: Recursive_Node_Dump() at D:/programming/Projects/Differenciator/Tree.cpp (145):

    143:     DUMP("\"\n style = filled\n fillcolor = %s \n]\n", color);
    144: 
=>  145:     if (node->parent->left == node) edge_color = "firebrick4";
    146:     else edge_color = "darkgreen";
    147:     

# 1 0x004017A4 in D:\programming\Projects\Differenciator\Differenciator.exe: Recursive_Node_Dump() at D:/programming/Projects/Differenciator/Tree.cpp (150):

    148:     DUMP("cell_%d->cell_%d[color = %s]\n", node->parent->cell_num, node->cell_num, edge_color);
    149: 
=>  150:     if (node->left != NULL) Recursive_Node_Dump(node->left, dump_file);
    151:     if (node->right != NULL) Recursive_Node_Dump(node->right, dump_file);
    152: }

# 2 0x004017A4 in D:\programming\Projects\Differenciator\Differenciator.exe: Recursive_Node_Dump() at D:/programming/Projects/Differenciator/Tree.cpp (150):

    148:     DUMP("cell_%d->cell_%d[color = %s]\n", node->parent->cell_num, node->cell_num, edge_color);
    149: 
=>  150:     if (node->left != NULL) Recursive_Node_Dump(node->left, dump_file);
    151:     if (node->right != NULL) Recursive_Node_Dump(node->right, dump_file);
    152: }

# 3 0x00401962 in D:\programming\Projects\Differenciator\Differenciator.exe: Tree_Dump() at D:/programming/Projects/Differenciator/Tree.cpp (175):

    173:     
    174:     if (root_node->left != NULL) Recursive_Node_Dump(root_node->left, dump_file);
=>  175:     if (root_node->right != NULL) Recursive_Node_Dump(root_node->right, dump_file);
    176: 
    177:     DUMP("}");

# 4 0x0041DD10 in D:\programming\Projects\Differenciator\Differenciator.exe: Differenciate_Tree() at D:/programming/Projects/Differenciator/Differenciator.cpp (430):

    428:     Tree proizvodnaya = {};
    429:     proizvodnaya.root = Differenciate_Node(tree->root);
=>  430:     Tree_Dump(proizvodnaya.root, "differentiate tree");
    431: }
    432: 

# 5 0x0041DE83 in D:\programming\Projects\Differenciator\Differenciator.exe: main() at D:/programming/Projects/Differenciator/Differenciator.cpp (480):

    478:     Tree tree = {};
    479:     Differenciator_TreeCtor(&tree);
=>  480:     Differenciate_Tree(&tree);
    481: }

--------------------------------------------------
Developed with:

The Dumb Artist Library (TX Library)
TXLib [Ver: 00173a, Rev: 171, Date: 2022-07-23 02:08:28 +0400]
Copyright (C) Ded (Ilya Dedinsky, http://txlib.ru) <mail@txlib.ru>
See license on: http://txlib.ru

TXLib file:	c:\mingw\lib\gcc\mingw32\6.3.0\include\txlib.h
Compiled:	Nov 26 2022 16:02:46, GNU g++ 6.3.0, std=201402L, MinGW Runtime 5.0, 32-bit, Debug
Started:	Nov 26 2022 16:02:51

Run file:	D:\programming\Projects\Differenciator\Differenciator.exe
Directory:	D:\programming\Projects\Differenciator

--------------------------------------------------

--------------------------------------------------
TXLib соболезнует...

Программа: D:\programming\Projects\Differenciator\Differenciator.exe,

ВНЕЗАПНО: signal (11, 0x00): SIGSEGV: Доступ по неверному указателю. Ставьте ассерты! 

Нарушение доступа к памяти.

#1: Исключение EXCEPTION_ACCESS_VIOLATION (0xC0000005) при выполнении кода по адресу 0x0040173C в функции Recursive_Node_Dump() в файле D:/programming/Projects/Differenciator/Tree.cpp на строке 145. Попытка прочесть данные по адресу 0x00000014. Спасибо _txVectoredExceptionHandler(), что сообщил. Люблю его <3

С помощью функции signal() вы можете сами обработать эту ошибку.

#2: TXLib [Ver: 00173a, Rev: 171, Date: 2022-07-23 02:08:28 +0400], Instance: 0x0043F73C (32-bit), Flags: Cmdre0, Thread: 0x783C (Main). 

--------------------------------------------------
Стек вызовов:

# 0 0x0040173C in D:\programming\Projects\Differenciator\Differenciator.exe: Recursive_Node_Dump() at D:/programming/Projects/Differenciator/Tree.cpp (145):

    143:     DUMP("\"\n style = filled\n fillcolor = %s \n]\n", color);
    144: 
=>  145:     if (node->parent->left == node) edge_color = "firebrick4";
    146:     else edge_color = "darkgreen";
    147:     

# 1 0x004017A4 in D:\programming\Projects\Differenciator\Differenciator.exe: Recursive_Node_Dump() at D:/programming/Projects/Differenciator/Tree.cpp (150):

    148:     DUMP("cell_%d->cell_%d[color = %s]\n", node->parent->cell_num, node->cell_num, edge_color);
    149: 
=>  150:     if (node->left != NULL) Recursive_Node_Dump(node->left, dump_file);
    151:     if (node->right != NULL) Recursive_Node_Dump(node->right, dump_file);
    152: }

# 2 0x004017A4 in D:\programming\Projects\Differenciator\Differenciator.exe: Recursive_Node_Dump() at D:/programming/Projects/Differenciator/Tree.cpp (150):

    148:     DUMP("cell_%d->cell_%d[color = %s]\n", node->parent->cell_num, node->cell_num, edge_color);
    149: 
=>  150:     if (node->left != NULL) Recursive_Node_Dump(node->left, dump_file);
    151:     if (node->right != NULL) Recursive_Node_Dump(node->right, dump_file);
    152: }

# 3 0x00401962 in D:\programming\Projects\Differenciator\Differenciator.exe: Tree_Dump() at D:/programming/Projects/Differenciator/Tree.cpp (175):

    173:     
    174:     if (root_node->left != NULL) Recursive_Node_Dump(root_node->left, dump_file);
=>  175:     if (root_node->right != NULL) Recursive_Node_Dump(root_node->right, dump_file);
    176: 
    177:     DUMP("}");

# 4 0x0041DD10 in D:\programming\Projects\Differenciator\Differenciator.exe: Differenciate_Tree() at D:/programming/Projects/Differenciator/Differenciator.cpp (430):

    428:     Tree proizvodnaya = {};
    429:     proizvodnaya.root = Differenciate_Node(tree->root);
=>  430:     Tree_Dump(proizvodnaya.root, "differentiate tree");
    431: }
    432: 

# 5 0x0041DE83 in D:\programming\Projects\Differenciator\Differenciator.exe: main() at D:/programming/Projects/Differenciator/Differenciator.cpp (480):

    478:     Tree tree = {};
    479:     Differenciator_TreeCtor(&tree);
=>  480:     Differenciate_Tree(&tree);
    481: }

--------------------------------------------------
Developed with:

The Dumb Artist Library (TX Library)
TXLib [Ver: 00173a, Rev: 171, Date: 2022-07-23 02:08:28 +0400]
Copyright (C) Ded (Ilya Dedinsky, http://txlib.ru) <mail@txlib.ru>
See license on: http://txlib.ru

TXLib file:	c:\mingw\lib\gcc\mingw32\6.3.0\include\txlib.h
Compiled:	Nov 26 2022 16:02:46, GNU g++ 6.3.0, std=201402L, MinGW Runtime 5.0, 32-bit, Debug
Started:	Nov 26 2022 16:02:51

Run file:	D:\programming\Projects\Differenciator\Differenciator.exe
Directory:	D:\programming\Projects\Differenciator

--------------------------------------------------

--------------------------------------------------
TXLib предупреждает:

Программа: D:\programming\Projects\Differenciator\Differenciator.exe,

ВНЕЗАПНО: Нарушение доступа к памяти.

#1: Исключение EXCEPTION_ACCESS_VIOLATION (0xC0000005) при выполнении кода по адресу 0x0040176A в функции Recursive_Node_Dump() в файле D:/programming/Projects/Differenciator/Tree.cpp на строке 148. Попытка прочесть данные по адресу 0x0000001C. Спасибо _txVectoredExceptionHandler(), что сообщил. Люблю его <3

#1: TXLib [Ver: 00173a, Rev: 171, Date: 2022-07-23 02:08:28 +0400], Instance: 0x0043F73C (32-bit), Flags: Cmdre0, Thread: 0x73FC (Main). 

--------------------------------------------------
Стек вызовов:

# 0 0x0040176A in D:\programming\Projects\Differenciator\Differenciator.exe: Recursive_Node_Dump() at D:/programming/Projects/Differenciator/Tree.cpp (148):

    146:     else edge_color = "darkgreen";
    147:     
=>  148:     DUMP("cell_%d->cell_%d[color = %s]\n", node->parent->cell_num, node->cell_num, edge_color);
    149: 
    150:     if (node->left != NULL) Recursive_Node_Dump(node->left, dump_file);

# 1 0x004017AE in D:\programming\Projects\Differenciator\Differenciator.exe: Recursive_Node_Dump() at D:/programming/Projects/Differenciator/Tree.cpp (150):

    148:     DUMP("cell_%d->cell_%d[color = %s]\n", node->parent->cell_num, node->cell_num, edge_color);
    149: 
=>  150:     if (node->left != NULL) Recursive_Node_Dump(node->left, dump_file);
    151:     if (node->right != NULL) Recursive_Node_Dump(node->right, dump_file);
    152: }

# 2 0x004017AE in D:\programming\Projects\Differenciator\Differenciator.exe: Recursive_Node_Dump() at D:/programming/Projects/Differenciator/Tree.cpp (150):

    148:     DUMP("cell_%d->cell_%d[color = %s]\n", node->parent->cell_num, node->cell_num, edge_color);
    149: 
=>  150:     if (node->left != NULL) Recursive_Node_Dump(node->left, dump_file);
    151:     if (node->right != NULL) Recursive_Node_Dump(node->right, dump_file);
    152: }

# 3 0x0040196C in D:\programming\Projects\Differenciator\Differenciator.exe: Tree_Dump() at D:/programming/Projects/Differenciator/Tree.cpp (175):

    173:     
    174:     if (root_node->left != NULL) Recursive_Node_Dump(root_node->left, dump_file);
=>  175:     if (root_node->right != NULL) Recursive_Node_Dump(root_node->right, dump_file);
    176: 
    177:     DUMP("}");

# 4 0x0041DD18 in D:\programming\Projects\Differenciator\Differenciator.exe: Differenciate_Tree() at D:/programming/Projects/Differenciator/Differenciator.cpp (430):

    428:     Tree proizvodnaya = {};
    429:     proizvodnaya.root = Differenciate_Node(tree->root);
=>  430:     Tree_Dump(proizvodnaya.root, "differentiate tree");
    431: }
    432: 

# 5 0x0041DE8B in D:\programming\Projects\Differenciator\Differenciator.exe: main() at D:/programming/Projects/Differenciator/Differenciator.cpp (480):

    478:     Tree tree = {};
    479:     Differenciator_TreeCtor(&tree);
=>  480:     Differenciate_Tree(&tree);
    481: }

--------------------------------------------------
Developed with:

The Dumb Artist Library (TX Library)
TXLib [Ver: 00173a, Rev: 171, Date: 2022-07-23 02:08:28 +0400]
Copyright (C) Ded (Ilya Dedinsky, http://txlib.ru) <mail@txlib.ru>
See license on: http://txlib.ru

TXLib file:	c:\mingw\lib\gcc\mingw32\6.3.0\include\txlib.h
Compiled:	Nov 26 2022 16:04:56, GNU g++ 6.3.0, std=201402L, MinGW Runtime 5.0, 32-bit, Debug
Started:	Nov 26 2022 16:05:01

Run file:	D:\programming\Projects\Differenciator\Differenciator.exe
Directory:	D:\programming\Projects\Differenciator

--------------------------------------------------

--------------------------------------------------
TXLib соболезнует...

Программа: D:\programming\Projects\Differenciator\Differenciator.exe,

ВНЕЗАПНО: signal (11, 0x00): SIGSEGV: Доступ по неверному указателю. Ставьте ассерты! 

Нарушение доступа к памяти.

#1: Исключение EXCEPTION_ACCESS_VIOLATION (0xC0000005) при выполнении кода по адресу 0x0040176A в функции Recursive_Node_Dump() в файле D:/programming/Projects/Differenciator/Tree.cpp на строке 148. Попытка прочесть данные по адресу 0x0000001C. Спасибо _txVectoredExceptionHandler(), что сообщил. Люблю его <3

С помощью функции signal() вы можете сами обработать эту ошибку.

#2: TXLib [Ver: 00173a, Rev: 171, Date: 2022-07-23 02:08:28 +0400], Instance: 0x0043F73C (32-bit), Flags: Cmdre0, Thread: 0x73FC (Main). 

--------------------------------------------------
Стек вызовов:

# 0 0x0040176A in D:\programming\Projects\Differenciator\Differenciator.exe: Recursive_Node_Dump() at D:/programming/Projects/Differenciator/Tree.cpp (148):

    146:     else edge_color = "darkgreen";
    147:     
=>  148:     DUMP("cell_%d->cell_%d[color = %s]\n", node->parent->cell_num, node->cell_num, edge_color);
    149: 
    150:     if (node->left != NULL) Recursive_Node_Dump(node->left, dump_file);

# 1 0x004017AE in D:\programming\Projects\Differenciator\Differenciator.exe: Recursive_Node_Dump() at D:/programming/Projects/Differenciator/Tree.cpp (150):

    148:     DUMP("cell_%d->cell_%d[color = %s]\n", node->parent->cell_num, node->cell_num, edge_color);
    149: 
=>  150:     if (node->left != NULL) Recursive_Node_Dump(node->left, dump_file);
    151:     if (node->right != NULL) Recursive_Node_Dump(node->right, dump_file);
    152: }

# 2 0x004017AE in D:\programming\Projects\Differenciator\Differenciator.exe: Recursive_Node_Dump() at D:/programming/Projects/Differenciator/Tree.cpp (150):

    148:     DUMP("cell_%d->cell_%d[color = %s]\n", node->parent->cell_num, node->cell_num, edge_color);
    149: 
=>  150:     if (node->left != NULL) Recursive_Node_Dump(node->left, dump_file);
    151:     if (node->right != NULL) Recursive_Node_Dump(node->right, dump_file);
    152: }

# 3 0x0040196C in D:\programming\Projects\Differenciator\Differenciator.exe: Tree_Dump() at D:/programming/Projects/Differenciator/Tree.cpp (175):

    173:     
    174:     if (root_node->left != NULL) Recursive_Node_Dump(root_node->left, dump_file);
=>  175:     if (root_node->right != NULL) Recursive_Node_Dump(root_node->right, dump_file);
    176: 
    177:     DUMP("}");

# 4 0x0041DD18 in D:\programming\Projects\Differenciator\Differenciator.exe: Differenciate_Tree() at D:/programming/Projects/Differenciator/Differenciator.cpp (430):

    428:     Tree proizvodnaya = {};
    429:     proizvodnaya.root = Differenciate_Node(tree->root);
=>  430:     Tree_Dump(proizvodnaya.root, "differentiate tree");
    431: }
    432: 

# 5 0x0041DE8B in D:\programming\Projects\Differenciator\Differenciator.exe: main() at D:/programming/Projects/Differenciator/Differenciator.cpp (480):

    478:     Tree tree = {};
    479:     Differenciator_TreeCtor(&tree);
=>  480:     Differenciate_Tree(&tree);
    481: }

--------------------------------------------------
Developed with:

The Dumb Artist Library (TX Library)
TXLib [Ver: 00173a, Rev: 171, Date: 2022-07-23 02:08:28 +0400]
Copyright (C) Ded (Ilya Dedinsky, http://txlib.ru) <mail@txlib.ru>
See license on: http://txlib.ru

TXLib file:	c:\mingw\lib\gcc\mingw32\6.3.0\include\txlib.h
Compiled:	Nov 26 2022 16:04:56, GNU g++ 6.3.0, std=201402L, MinGW Runtime 5.0, 32-bit, Debug
Started:	Nov 26 2022 16:05:00

Run file:	D:\programming\Projects\Differenciator\Differenciator.exe
Directory:	D:\programming\Projects\Differenciator

--------------------------------------------------
